<?xml version="1.0" encoding="UTF-8"?>
<!-- Generated by org.testng.reporters.JUnitXMLReporter -->
<testsuite ignored="0" hostname="DESKTOP-UNVGE05" failures="4" tests="4" name="TesT for 6" time="0.434" errors="0" timestamp="26 Jul. 2023 21:52:12 GMT">
  <testcase classname="com.newtours.tests.BookFlightTest" name="TC01_RegistrationPageTest" time="0.0">
    <failure type="java.lang.NoClassDefFoundError" message="coms/newtours/pages/RegistrationPage">
      <![CDATA[java.lang.NoClassDefFoundError: coms/newtours/pages/RegistrationPage
at com.newtours.tests.BookFlightTest.TC01_RegistrationPageTest(BookFlightTest.java:34)
at java.base/java.util.concurrent.FutureTask.run(FutureTask.java:264)
at java.base/java.util.concurrent.ThreadPoolExecutor.runWorker(ThreadPoolExecutor.java:1128)
at java.base/java.util.concurrent.ThreadPoolExecutor$Worker.run(ThreadPoolExecutor.java:628)
at java.base/java.lang.Thread.run(Thread.java:834)
... Removed 16 stack frames]]>
    </failure>
  </testcase> <!-- TC01_RegistrationPageTest -->
  <testcase classname="com.newtours.tests.BookFlightTest" name="TC02_RegistrationConfirmationPage" time="0.0">
    <failure type="java.lang.NoClassDefFoundError" message="coms/newtours/pages/RegistrationConfirmationPage">
      <![CDATA[java.lang.NoClassDefFoundError: coms/newtours/pages/RegistrationConfirmationPage
at com.newtours.tests.BookFlightTest.TC02_RegistrationConfirmationPage(BookFlightTest.java:45)
at java.base/java.util.concurrent.FutureTask.run(FutureTask.java:264)
at java.base/java.util.concurrent.ThreadPoolExecutor.runWorker(ThreadPoolExecutor.java:1128)
at java.base/java.util.concurrent.ThreadPoolExecutor$Worker.run(ThreadPoolExecutor.java:628)
at java.base/java.lang.Thread.run(Thread.java:834)
Caused by: java.lang.ClassNotFoundException: coms.newtours.pages.RegistrationConfirmationPage
at java.base/jdk.internal.loader.BuiltinClassLoader.loadClass(BuiltinClassLoader.java:581)
at java.base/jdk.internal.loader.ClassLoaders$AppClassLoader.loadClass(ClassLoaders.java:178)
at java.base/java.lang.ClassLoader.loadClass(ClassLoader.java:521)
... 21 more
... Removed 16 stack frames]]>
    </failure>
  </testcase> <!-- TC02_RegistrationConfirmationPage -->
  <testcase classname="com.newtours.tests.BookFlightTest" name="TC03_FlightDetailsPage" time="0.0">
    <failure type="java.lang.NoClassDefFoundError" message="coms/newtours/pages/FlightDetailsPage">
      <![CDATA[java.lang.NoClassDefFoundError: coms/newtours/pages/FlightDetailsPage
at com.newtours.tests.BookFlightTest.TC03_FlightDetailsPage(BookFlightTest.java:53)
at java.base/java.util.concurrent.FutureTask.run(FutureTask.java:264)
at java.base/java.util.concurrent.ThreadPoolExecutor.runWorker(ThreadPoolExecutor.java:1128)
at java.base/java.util.concurrent.ThreadPoolExecutor$Worker.run(ThreadPoolExecutor.java:628)
at java.base/java.lang.Thread.run(Thread.java:834)
... Removed 16 stack frames]]>
    </failure>
  </testcase> <!-- TC03_FlightDetailsPage -->
  <testcase classname="com.newtours.tests.BookFlightTest" name="TC04_printConfirmation" time="0.0">
    <failure type="java.lang.NoClassDefFoundError" message="coms/newtours/pages/FlightConfirmationPage">
      <![CDATA[java.lang.NoClassDefFoundError: coms/newtours/pages/FlightConfirmationPage
at com.newtours.tests.BookFlightTest.TC04_printConfirmation(BookFlightTest.java:66)
at java.base/java.util.concurrent.FutureTask.run(FutureTask.java:264)
at java.base/java.util.concurrent.ThreadPoolExecutor.runWorker(ThreadPoolExecutor.java:1128)
at java.base/java.util.concurrent.ThreadPoolExecutor$Worker.run(ThreadPoolExecutor.java:628)
at java.base/java.lang.Thread.run(Thread.java:834)
... Removed 16 stack frames]]>
    </failure>
  </testcase> <!-- TC04_printConfirmation -->
</testsuite> <!-- TesT for 6 -->
